Determining if the pthread_create exist failed with the following output:
Change Dir: /home/jscherman/Descargas/tp2-algo1-master/src/CMakeFiles/CMakeTmp

Run Build Command:/usr/bin/make "cmTryCompileExec4134375917/fast"
/usr/bin/make -f CMakeFiles/cmTryCompileExec4134375917.dir/build.make CMakeFiles/cmTryCompileExec4134375917.dir/build
make[1]: se ingresa al directorio «/home/jscherman/Descargas/tp2-algo1-master/src/CMakeFiles/CMakeTmp»
/usr/bin/cmake -E cmake_progress_report /home/jscherman/Descargas/tp2-algo1-master/src/CMakeFiles/CMakeTmp/CMakeFiles 1
Building C object CMakeFiles/cmTryCompileExec4134375917.dir/CheckSymbolExists.c.o
/usr/bin/cc    -o CMakeFiles/cmTryCompileExec4134375917.dir/CheckSymbolExists.c.o   -c /home/jscherman/Descargas/tp2-algo1-master/src/CMakeFiles/CMakeTmp/CheckSymbolExists.c
Linking C executable cmTryCompileExec4134375917
/usr/bin/cmake -E cmake_link_script CMakeFiles/cmTryCompileExec4134375917.dir/link.txt --verbose=1
/usr/bin/cc       CMakeFiles/cmTryCompileExec4134375917.dir/CheckSymbolExists.c.o  -o cmTryCompileExec4134375917 -rdynamic 
CMakeFiles/cmTryCompileExec4134375917.dir/CheckSymbolExists.c.o: En la función `main':
CheckSymbolExists.c:(.text+0x16): referencia a `pthread_create' sin definir
collect2: error: ld returned 1 exit status
make[1]: se sale del directorio «/home/jscherman/Descargas/tp2-algo1-master/src/CMakeFiles/CMakeTmp»
make[1]: *** [cmTryCompileExec4134375917] Error 1
make: *** [cmTryCompileExec4134375917/fast] Error 2

File /home/jscherman/Descargas/tp2-algo1-master/src/CMakeFiles/CMakeTmp/CheckSymbolExists.c:
/* */
#include <pthread.h>

int main(int argc, char** argv)
{
  (void)argv;
#ifndef pthread_create
  return ((int*)(&pthread_create))[argc];
#else
  (void)argc;
  return 0;
#endif
}

Determining if the function pthread_create exists in the pthreads failed with the following output:
Change Dir: /home/jscherman/Descargas/tp2-algo1-master/src/CMakeFiles/CMakeTmp

Run Build Command:/usr/bin/make "cmTryCompileExec2886081304/fast"
/usr/bin/make -f CMakeFiles/cmTryCompileExec2886081304.dir/build.make CMakeFiles/cmTryCompileExec2886081304.dir/build
make[1]: se ingresa al directorio «/home/jscherman/Descargas/tp2-algo1-master/src/CMakeFiles/CMakeTmp»
/usr/bin/cmake -E cmake_progress_report /home/jscherman/Descargas/tp2-algo1-master/src/CMakeFiles/CMakeTmp/CMakeFiles 1
Building C object CMakeFiles/cmTryCompileExec2886081304.dir/CheckFunctionExists.c.o
/usr/bin/cc   -DCHECK_FUNCTION_EXISTS=pthread_create   -o CMakeFiles/cmTryCompileExec2886081304.dir/CheckFunctionExists.c.o   -c /usr/share/cmake-2.8/Modules/CheckFunctionExists.c
Linking C executable cmTryCompileExec2886081304
/usr/bin/cmake -E cmake_link_script CMakeFiles/cmTryCompileExec2886081304.dir/link.txt --verbose=1
/usr/bin/cc   -DCHECK_FUNCTION_EXISTS=pthread_create    CMakeFiles/cmTryCompileExec2886081304.dir/CheckFunctionExists.c.o  -o cmTryCompileExec2886081304 -rdynamic -lpthreads 
/usr/bin/ld: no se puede encontrar -lpthreads
collect2: error: ld returned 1 exit status
make[1]: *** [cmTryCompileExec2886081304] Error 1
make[1]: se sale del directorio «/home/jscherman/Descargas/tp2-algo1-master/src/CMakeFiles/CMakeTmp»
make: *** [cmTryCompileExec2886081304/fast] Error 2


